<?xml version="1.0" encoding="UTF-8"?>
<!-- Generated by org.testng.reporters.JUnitReportReporter -->
<testsuite hostname="DESKTOP-0FVG80T" failures="0" tests="1" name="scripts.Testcase2" time="18.622" errors="0" timestamp="2022-06-11T13:15:40 IST" skipped="0">
  <testcase classname="scripts.Testcase2" name="tc2" time="18.622"/>
  <system-out/>
</testsuite> <!-- scripts.Testcase2 -->
