<?xml version="1.0" encoding="UTF-8"?>
<!-- Generated by org.testng.reporters.JUnitReportReporter -->
<testsuite hostname="DESKTOP-0FVG80T" failures="0" tests="1" name="scripts.Testcase1" time="13.413" errors="0" timestamp="2022-06-11T11:45:16 IST" skipped="0">
  <testcase classname="scripts.Testcase1" name="tc1" time="13.413"/>
  <system-out/>
</testsuite> <!-- scripts.Testcase1 -->
